<?xml version="1.0" encoding="UTF-8"?>
<testsuite xmlns:xsi="http://www.w3.org/2001/XMLSchema-instance" xsi:noNamespaceSchemaLocation="https://maven.apache.org/surefire/maven-surefire-plugin/xsd/surefire-test-report-3.0.xsd" version="3.0" name="FelineTest" time="0.057" tests="3" errors="0" skipped="0" failures="1">
  <properties>
[...]
</properties>
  <testcase name="testGetKittens" classname="FelineTest" time="0.013"/>
  <testcase name="testGetFamily" classname="FelineTest" time="0.001"/>
  <testcase name="testEatMeat" classname="FelineTest" time="0.025">
    <failure message="expected:&lt;[Р–РёРІРѕС‚РЅС‹Рµ, РџС‚РёС†С‹, Р С‹Р±Р°]&gt; but was:&lt;[Животные, Птицы, Рыба]&gt;" type="java.lang.AssertionError"><![CDATA[java.lang.AssertionError: expected:<[Р–РёРІРѕС‚РЅС‹Рµ, РџС‚РёС†С‹, Р С‹Р±Р°]> but was:<[Животные, Птицы, Рыба]>
	at org.junit.Assert.fail(Assert.java:89)
	at org.junit.Assert.failNotEquals(Assert.java:835)
	at org.junit.Assert.assertEquals(Assert.java:120)
	at org.junit.Assert.assertEquals(Assert.java:146)
	at FelineTest.testEatMeat(FelineTest.java:15)
	at java.base/java.lang.reflect.Method.invoke(Method.java:566)
	at java.base/java.util.ArrayList.forEach(ArrayList.java:1541)
	at java.base/java.util.ArrayList.forEach(ArrayList.java:1541)
]]></failure>
  </testcase>
</testsuite>